D:\workspace\SanyPDP\dbinit-system\lib
2012-08-14 17:12:34,949 [main] ERROR org.frameworkset.spi.assemble.ServiceProviderManager - 从文件[file:/D:/workspace/SanyPDP/dbinit-system/resources/proxool.xml]装载管理服务失败，请检查文件是否存在，或者是否被正确定义。
2012-08-14 17:12:34,964 [main] ERROR com.frameworkset.common.poolman.management.PoolManBootstrap - LocalPoolDeployer deployConfiguration error: null
java.lang.NullPointerException
	at com.frameworkset.common.poolman.util.DatasourceUtil.getDataSourceParameters(DatasourceUtil.java:65)
	at com.frameworkset.common.poolman.util.JDBCPoolMetaData.initDatasourceParameters(JDBCPoolMetaData.java:953)
	at com.frameworkset.common.poolman.management.LocalPoolDeployer.startDataSources(LocalPoolDeployer.java:144)
	at com.frameworkset.common.poolman.management.LocalPoolDeployer.deployConfiguration(LocalPoolDeployer.java:70)
	at com.frameworkset.common.poolman.management.PoolManBootstrap.start(PoolManBootstrap.java:184)
	at com.frameworkset.common.poolman.management.PoolManBootstrap.start(PoolManBootstrap.java:99)
	at com.frameworkset.common.poolman.util.SQLManager.assertLoaded(SQLManager.java:134)
	at com.frameworkset.common.poolman.util.SQLManager.getAllPoolNames(SQLManager.java:86)
	at com.frameworkset.common.poolman.util.SQLUtil.getAllPoolNames(SQLUtil.java:431)
	at org.frameworkset.persistent.db.DBInit.execute(Unknown Source)
	at org.frameworkset.persistent.db.DBInit.main(Unknown Source)
	at sun.reflect.NativeMethodAccessorImpl.invoke0(Native Method)
	at sun.reflect.NativeMethodAccessorImpl.invoke(Unknown Source)
	at sun.reflect.DelegatingMethodAccessorImpl.invoke(Unknown Source)
	at java.lang.reflect.Method.invoke(Unknown Source)
	at org.frameworkset.persistent.db.Launcher.loadPlugins(Unknown Source)
	at org.frameworkset.persistent.db.Launcher.run(Unknown Source)
	at org.frameworkset.persistent.db.Launcher.main(Unknown Source)
2012-08-14 17:12:34,980 [main] ERROR com.frameworkset.common.poolman.management.PoolManBootstrap - LocalPoolDeployer deployConfiguration error: null
java.lang.NullPointerException
	at com.frameworkset.common.poolman.util.DatasourceUtil.getDataSourceParameters(DatasourceUtil.java:65)
	at com.frameworkset.common.poolman.util.JDBCPoolMetaData.initDatasourceParameters(JDBCPoolMetaData.java:953)
	at com.frameworkset.common.poolman.management.LocalPoolDeployer.startDataSources(LocalPoolDeployer.java:144)
	at com.frameworkset.common.poolman.management.LocalPoolDeployer.deployConfiguration(LocalPoolDeployer.java:70)
	at com.frameworkset.common.poolman.management.PoolManBootstrap.start(PoolManBootstrap.java:184)
	at com.frameworkset.common.poolman.management.PoolManBootstrap.start(PoolManBootstrap.java:99)
	at com.frameworkset.common.poolman.util.SQLManager.assertLoaded(SQLManager.java:134)
	at com.frameworkset.common.poolman.util.SQLManager.getAllPoolNames(SQLManager.java:86)
	at com.frameworkset.common.poolman.util.SQLUtil.getAllPoolNames(SQLUtil.java:431)
	at org.frameworkset.persistent.db.DBInit.purgeDB(Unknown Source)
	at org.frameworkset.persistent.db.DBInit.execute(Unknown Source)
	at org.frameworkset.persistent.db.DBInit.main(Unknown Source)
	at sun.reflect.NativeMethodAccessorImpl.invoke0(Native Method)
	at sun.reflect.NativeMethodAccessorImpl.invoke(Unknown Source)
	at sun.reflect.DelegatingMethodAccessorImpl.invoke(Unknown Source)
	at java.lang.reflect.Method.invoke(Unknown Source)
	at org.frameworkset.persistent.db.Launcher.loadPlugins(Unknown Source)
	at org.frameworkset.persistent.db.Launcher.run(Unknown Source)
	at org.frameworkset.persistent.db.Launcher.main(Unknown Source)
